
 called on : 2018-07-23 07:49:54

===========================================================

First name : dd
Name : efzf
Email : vahan@com.fr
Téléphone : 
Message : sddcd

===========================================================

First name : dd
Name : efzf
Email : vahan@com.fr
Téléphone : 
Message : sddcd
Mail de mon site web transporteursvahanbarsamian@free.fr
===========================================================

First name : dd
Name : efzf
Email : vahan@com.fr
Téléphone : 
Message : sddcd
Objet : Mail de mon site web transporteurs
Envoyer à vahanbarsamian@free.fr

===========================================================

First name : dd
Name : efzf
Email : vahan@com.fr
Téléphone : 
Message : sddcd
Objet : Mail de mon site web transporteurs
Envoyer à vahanbarsamian@free.fr

===========================================================

First name : dd
Name : efzf
Email : vahan@com.fr
Téléphone : 
Message : sddcd
Objet : Mail de mon site web transporteurs
Envoyer à vahanbarsamian@free.fr

===========================================================

First name : dd
Name : efzf
Email : vahan@com.fr
Téléphone : 
Message : sddcd
Objet : Mail de mon site web transporteurs
Envoyer à vahanbarsamian@free.fr

===========================================================

First name : dd
Name : efzf
Email : vahan@com.fr
Téléphone : 
Message : sddcd
Objet : Mail de mon site web transporteurs
Envoyer à vahanbarsamian@free.fr

===========================================================

First name : dd
Name : efzf
Email : vahan@com.fr
Téléphone : 
Message : sddcd
Objet : Mail de mon site web transporteurs
Envoyer à vahanbarsamian@free.fr

===========================================================

First name : Vahan
Name : Barsamian
Email : vaga@hg.fr
Téléphone : 
Message : test 01
MIME-Version: 1.0
Content-type: text/html; charset=iso-8859-1
Reply-to: Vahan Barsamian<vaga@hg.fr>
From: Vahan Barsamian<vaga@hg.fr>

Objet : Nouveau mail de mon site :transporteurs
Envoyer à vahanbarsamian@free.fr

===========================================================
